<?xml version="1.0" encoding="UTF-8"?>
<testsuite xmlns:xsi="http://www.w3.org/2001/XMLSchema-instance" xsi:noNamespaceSchemaLocation="https://maven.apache.org/surefire/maven-surefire-plugin/xsd/surefire-test-report.xsd" name="com.ross.dario.persistence.repository.UserRepositoryTest" time="0.13" tests="14" errors="14" skipped="0" failures="0">
  <properties>
    <property name="gopherProxySet" value="false"/>
    <property name="awt.toolkit" value="sun.lwawt.macosx.LWCToolkit"/>
    <property name="file.encoding.pkg" value="sun.io"/>
    <property name="java.specification.version" value="1.8"/>
    <property name="sun.cpu.isalist" value=""/>
    <property name="sun.jnu.encoding" value="UTF-8"/>
    <property name="java.class.path" value="/Users/dario/Documents/workspace_eclipse/centrovelaPersistence/target/test-classes:/Users/dario/Documents/workspace_eclipse/centrovelaPersistence/target/classes:/Users/dario/.m2/repository/org/springframework/boot/spring-boot-starter-data-jpa/2.1.0.RELEASE/spring-boot-starter-data-jpa-2.1.0.RELEASE.jar:/Users/dario/.m2/repository/org/springframework/boot/spring-boot-starter-aop/2.1.0.RELEASE/spring-boot-starter-aop-2.1.0.RELEASE.jar:/Users/dario/.m2/repository/org/springframework/spring-aop/5.1.2.RELEASE/spring-aop-5.1.2.RELEASE.jar:/Users/dario/.m2/repository/org/aspectj/aspectjweaver/1.9.2/aspectjweaver-1.9.2.jar:/Users/dario/.m2/repository/org/springframework/boot/spring-boot-starter-jdbc/2.1.0.RELEASE/spring-boot-starter-jdbc-2.1.0.RELEASE.jar:/Users/dario/.m2/repository/com/zaxxer/HikariCP/3.2.0/HikariCP-3.2.0.jar:/Users/dario/.m2/repository/org/springframework/spring-jdbc/5.1.2.RELEASE/spring-jdbc-5.1.2.RELEASE.jar:/Users/dario/.m2/repository/javax/transaction/javax.transaction-api/1.3/javax.transaction-api-1.3.jar:/Users/dario/.m2/repository/javax/xml/bind/jaxb-api/2.3.1/jaxb-api-2.3.1.jar:/Users/dario/.m2/repository/javax/activation/javax.activation-api/1.2.0/javax.activation-api-1.2.0.jar:/Users/dario/.m2/repository/org/hibernate/hibernate-core/5.3.7.Final/hibernate-core-5.3.7.Final.jar:/Users/dario/.m2/repository/org/jboss/logging/jboss-logging/3.3.2.Final/jboss-logging-3.3.2.Final.jar:/Users/dario/.m2/repository/javax/persistence/javax.persistence-api/2.2/javax.persistence-api-2.2.jar:/Users/dario/.m2/repository/org/javassist/javassist/3.23.1-GA/javassist-3.23.1-GA.jar:/Users/dario/.m2/repository/net/bytebuddy/byte-buddy/1.9.3/byte-buddy-1.9.3.jar:/Users/dario/.m2/repository/antlr/antlr/2.7.7/antlr-2.7.7.jar:/Users/dario/.m2/repository/org/jboss/jandex/2.0.5.Final/jandex-2.0.5.Final.jar:/Users/dario/.m2/repository/com/fasterxml/classmate/1.4.0/classmate-1.4.0.jar:/Users/dario/.m2/repository/org/dom4j/dom4j/2.1.1/dom4j-2.1.1.jar:/Users/dario/.m2/repository/org/hibernate/common/hibernate-commons-annotations/5.0.4.Final/hibernate-commons-annotations-5.0.4.Final.jar:/Users/dario/.m2/repository/org/springframework/data/spring-data-jpa/2.1.2.RELEASE/spring-data-jpa-2.1.2.RELEASE.jar:/Users/dario/.m2/repository/org/springframework/data/spring-data-commons/2.1.2.RELEASE/spring-data-commons-2.1.2.RELEASE.jar:/Users/dario/.m2/repository/org/springframework/spring-orm/5.1.2.RELEASE/spring-orm-5.1.2.RELEASE.jar:/Users/dario/.m2/repository/org/springframework/spring-context/5.1.2.RELEASE/spring-context-5.1.2.RELEASE.jar:/Users/dario/.m2/repository/org/springframework/spring-tx/5.1.2.RELEASE/spring-tx-5.1.2.RELEASE.jar:/Users/dario/.m2/repository/org/springframework/spring-beans/5.1.2.RELEASE/spring-beans-5.1.2.RELEASE.jar:/Users/dario/.m2/repository/org/slf4j/slf4j-api/1.7.25/slf4j-api-1.7.25.jar:/Users/dario/.m2/repository/org/springframework/spring-aspects/5.1.2.RELEASE/spring-aspects-5.1.2.RELEASE.jar:/Users/dario/.m2/repository/org/springframework/boot/spring-boot-starter-web/2.1.0.RELEASE/spring-boot-starter-web-2.1.0.RELEASE.jar:/Users/dario/.m2/repository/org/springframework/boot/spring-boot-starter-json/2.1.0.RELEASE/spring-boot-starter-json-2.1.0.RELEASE.jar:/Users/dario/.m2/repository/com/fasterxml/jackson/core/jackson-databind/2.9.7/jackson-databind-2.9.7.jar:/Users/dario/.m2/repository/com/fasterxml/jackson/core/jackson-annotations/2.9.0/jackson-annotations-2.9.0.jar:/Users/dario/.m2/repository/com/fasterxml/jackson/core/jackson-core/2.9.7/jackson-core-2.9.7.jar:/Users/dario/.m2/repository/com/fasterxml/jackson/datatype/jackson-datatype-jdk8/2.9.7/jackson-datatype-jdk8-2.9.7.jar:/Users/dario/.m2/repository/com/fasterxml/jackson/datatype/jackson-datatype-jsr310/2.9.7/jackson-datatype-jsr310-2.9.7.jar:/Users/dario/.m2/repository/com/fasterxml/jackson/module/jackson-module-parameter-names/2.9.7/jackson-module-parameter-names-2.9.7.jar:/Users/dario/.m2/repository/org/springframework/boot/spring-boot-starter-tomcat/2.1.0.RELEASE/spring-boot-starter-tomcat-2.1.0.RELEASE.jar:/Users/dario/.m2/repository/org/apache/tomcat/embed/tomcat-embed-core/9.0.12/tomcat-embed-core-9.0.12.jar:/Users/dario/.m2/repository/org/apache/tomcat/embed/tomcat-embed-el/9.0.12/tomcat-embed-el-9.0.12.jar:/Users/dario/.m2/repository/org/apache/tomcat/embed/tomcat-embed-websocket/9.0.12/tomcat-embed-websocket-9.0.12.jar:/Users/dario/.m2/repository/org/hibernate/validator/hibernate-validator/6.0.13.Final/hibernate-validator-6.0.13.Final.jar:/Users/dario/.m2/repository/javax/validation/validation-api/2.0.1.Final/validation-api-2.0.1.Final.jar:/Users/dario/.m2/repository/org/springframework/spring-web/5.1.2.RELEASE/spring-web-5.1.2.RELEASE.jar:/Users/dario/.m2/repository/org/springframework/spring-webmvc/5.1.2.RELEASE/spring-webmvc-5.1.2.RELEASE.jar:/Users/dario/.m2/repository/org/springframework/spring-expression/5.1.2.RELEASE/spring-expression-5.1.2.RELEASE.jar:/Users/dario/.m2/repository/org/springframework/boot/spring-boot-starter-test/2.1.0.RELEASE/spring-boot-starter-test-2.1.0.RELEASE.jar:/Users/dario/.m2/repository/org/springframework/boot/spring-boot-test/2.1.0.RELEASE/spring-boot-test-2.1.0.RELEASE.jar:/Users/dario/.m2/repository/org/springframework/boot/spring-boot-test-autoconfigure/2.1.0.RELEASE/spring-boot-test-autoconfigure-2.1.0.RELEASE.jar:/Users/dario/.m2/repository/com/jayway/jsonpath/json-path/2.4.0/json-path-2.4.0.jar:/Users/dario/.m2/repository/net/minidev/json-smart/2.3/json-smart-2.3.jar:/Users/dario/.m2/repository/net/minidev/accessors-smart/1.2/accessors-smart-1.2.jar:/Users/dario/.m2/repository/org/ow2/asm/asm/5.0.4/asm-5.0.4.jar:/Users/dario/.m2/repository/junit/junit/4.12/junit-4.12.jar:/Users/dario/.m2/repository/org/assertj/assertj-core/3.11.1/assertj-core-3.11.1.jar:/Users/dario/.m2/repository/org/mockito/mockito-core/2.23.0/mockito-core-2.23.0.jar:/Users/dario/.m2/repository/net/bytebuddy/byte-buddy-agent/1.9.3/byte-buddy-agent-1.9.3.jar:/Users/dario/.m2/repository/org/objenesis/objenesis/2.6/objenesis-2.6.jar:/Users/dario/.m2/repository/org/hamcrest/hamcrest-core/1.3/hamcrest-core-1.3.jar:/Users/dario/.m2/repository/org/hamcrest/hamcrest-library/1.3/hamcrest-library-1.3.jar:/Users/dario/.m2/repository/org/skyscreamer/jsonassert/1.5.0/jsonassert-1.5.0.jar:/Users/dario/.m2/repository/com/vaadin/external/google/android-json/0.0.20131108.vaadin1/android-json-0.0.20131108.vaadin1.jar:/Users/dario/.m2/repository/org/springframework/spring-core/5.1.2.RELEASE/spring-core-5.1.2.RELEASE.jar:/Users/dario/.m2/repository/org/springframework/spring-jcl/5.1.2.RELEASE/spring-jcl-5.1.2.RELEASE.jar:/Users/dario/.m2/repository/org/springframework/spring-test/5.1.2.RELEASE/spring-test-5.1.2.RELEASE.jar:/Users/dario/.m2/repository/org/xmlunit/xmlunit-core/2.6.2/xmlunit-core-2.6.2.jar:/Users/dario/.m2/repository/org/springframework/boot/spring-boot-starter/2.1.0.RELEASE/spring-boot-starter-2.1.0.RELEASE.jar:/Users/dario/.m2/repository/org/springframework/boot/spring-boot/2.1.0.RELEASE/spring-boot-2.1.0.RELEASE.jar:/Users/dario/.m2/repository/org/springframework/boot/spring-boot-autoconfigure/2.1.0.RELEASE/spring-boot-autoconfigure-2.1.0.RELEASE.jar:/Users/dario/.m2/repository/javax/annotation/javax.annotation-api/1.3.2/javax.annotation-api-1.3.2.jar:/Users/dario/.m2/repository/org/yaml/snakeyaml/1.23/snakeyaml-1.23.jar:/Users/dario/.m2/repository/org/springframework/boot/spring-boot-starter-log4j2/2.1.0.RELEASE/spring-boot-starter-log4j2-2.1.0.RELEASE.jar:/Users/dario/.m2/repository/org/apache/logging/log4j/log4j-slf4j-impl/2.11.1/log4j-slf4j-impl-2.11.1.jar:/Users/dario/.m2/repository/org/apache/logging/log4j/log4j-api/2.11.1/log4j-api-2.11.1.jar:/Users/dario/.m2/repository/org/apache/logging/log4j/log4j-core/2.11.1/log4j-core-2.11.1.jar:/Users/dario/.m2/repository/org/apache/logging/log4j/log4j-jul/2.11.1/log4j-jul-2.11.1.jar:/Users/dario/.m2/repository/org/slf4j/jul-to-slf4j/1.7.25/jul-to-slf4j-1.7.25.jar:/Users/dario/.m2/repository/mysql/mysql-connector-java/5.1.6/mysql-connector-java-5.1.6.jar:"/>
    <property name="java.vm.vendor" value="Oracle Corporation"/>
    <property name="sun.arch.data.model" value="64"/>
    <property name="java.vendor.url" value="http://java.oracle.com/"/>
    <property name="user.timezone" value=""/>
    <property name="java.vm.specification.version" value="1.8"/>
    <property name="os.name" value="Mac OS X"/>
    <property name="user.country" value="IT"/>
    <property name="sun.java.launcher" value="SUN_STANDARD"/>
    <property name="sun.boot.library.path" value="/Library/Java/JavaVirtualMachines/jdk1.8.0_181.jdk/Contents/Home/jre/lib"/>
    <property name="sun.java.command" value="/Users/dario/Documents/workspace_eclipse/centrovelaPersistence/target/surefire/surefirebooter3280715943424040715.jar /Users/dario/Documents/workspace_eclipse/centrovelaPersistence/target/surefire 2018-12-01T09-59-18_475-jvmRun1 surefire596314461649756684tmp surefire_06342643900522077865tmp"/>
    <property name="http.nonProxyHosts" value="local|*.local|169.254/16|*.169.254/16"/>
    <property name="surefire.test.class.path" value="/Users/dario/Documents/workspace_eclipse/centrovelaPersistence/target/test-classes:/Users/dario/Documents/workspace_eclipse/centrovelaPersistence/target/classes:/Users/dario/.m2/repository/org/springframework/boot/spring-boot-starter-data-jpa/2.1.0.RELEASE/spring-boot-starter-data-jpa-2.1.0.RELEASE.jar:/Users/dario/.m2/repository/org/springframework/boot/spring-boot-starter-aop/2.1.0.RELEASE/spring-boot-starter-aop-2.1.0.RELEASE.jar:/Users/dario/.m2/repository/org/springframework/spring-aop/5.1.2.RELEASE/spring-aop-5.1.2.RELEASE.jar:/Users/dario/.m2/repository/org/aspectj/aspectjweaver/1.9.2/aspectjweaver-1.9.2.jar:/Users/dario/.m2/repository/org/springframework/boot/spring-boot-starter-jdbc/2.1.0.RELEASE/spring-boot-starter-jdbc-2.1.0.RELEASE.jar:/Users/dario/.m2/repository/com/zaxxer/HikariCP/3.2.0/HikariCP-3.2.0.jar:/Users/dario/.m2/repository/org/springframework/spring-jdbc/5.1.2.RELEASE/spring-jdbc-5.1.2.RELEASE.jar:/Users/dario/.m2/repository/javax/transaction/javax.transaction-api/1.3/javax.transaction-api-1.3.jar:/Users/dario/.m2/repository/javax/xml/bind/jaxb-api/2.3.1/jaxb-api-2.3.1.jar:/Users/dario/.m2/repository/javax/activation/javax.activation-api/1.2.0/javax.activation-api-1.2.0.jar:/Users/dario/.m2/repository/org/hibernate/hibernate-core/5.3.7.Final/hibernate-core-5.3.7.Final.jar:/Users/dario/.m2/repository/org/jboss/logging/jboss-logging/3.3.2.Final/jboss-logging-3.3.2.Final.jar:/Users/dario/.m2/repository/javax/persistence/javax.persistence-api/2.2/javax.persistence-api-2.2.jar:/Users/dario/.m2/repository/org/javassist/javassist/3.23.1-GA/javassist-3.23.1-GA.jar:/Users/dario/.m2/repository/net/bytebuddy/byte-buddy/1.9.3/byte-buddy-1.9.3.jar:/Users/dario/.m2/repository/antlr/antlr/2.7.7/antlr-2.7.7.jar:/Users/dario/.m2/repository/org/jboss/jandex/2.0.5.Final/jandex-2.0.5.Final.jar:/Users/dario/.m2/repository/com/fasterxml/classmate/1.4.0/classmate-1.4.0.jar:/Users/dario/.m2/repository/org/dom4j/dom4j/2.1.1/dom4j-2.1.1.jar:/Users/dario/.m2/repository/org/hibernate/common/hibernate-commons-annotations/5.0.4.Final/hibernate-commons-annotations-5.0.4.Final.jar:/Users/dario/.m2/repository/org/springframework/data/spring-data-jpa/2.1.2.RELEASE/spring-data-jpa-2.1.2.RELEASE.jar:/Users/dario/.m2/repository/org/springframework/data/spring-data-commons/2.1.2.RELEASE/spring-data-commons-2.1.2.RELEASE.jar:/Users/dario/.m2/repository/org/springframework/spring-orm/5.1.2.RELEASE/spring-orm-5.1.2.RELEASE.jar:/Users/dario/.m2/repository/org/springframework/spring-context/5.1.2.RELEASE/spring-context-5.1.2.RELEASE.jar:/Users/dario/.m2/repository/org/springframework/spring-tx/5.1.2.RELEASE/spring-tx-5.1.2.RELEASE.jar:/Users/dario/.m2/repository/org/springframework/spring-beans/5.1.2.RELEASE/spring-beans-5.1.2.RELEASE.jar:/Users/dario/.m2/repository/org/slf4j/slf4j-api/1.7.25/slf4j-api-1.7.25.jar:/Users/dario/.m2/repository/org/springframework/spring-aspects/5.1.2.RELEASE/spring-aspects-5.1.2.RELEASE.jar:/Users/dario/.m2/repository/org/springframework/boot/spring-boot-starter-web/2.1.0.RELEASE/spring-boot-starter-web-2.1.0.RELEASE.jar:/Users/dario/.m2/repository/org/springframework/boot/spring-boot-starter-json/2.1.0.RELEASE/spring-boot-starter-json-2.1.0.RELEASE.jar:/Users/dario/.m2/repository/com/fasterxml/jackson/core/jackson-databind/2.9.7/jackson-databind-2.9.7.jar:/Users/dario/.m2/repository/com/fasterxml/jackson/core/jackson-annotations/2.9.0/jackson-annotations-2.9.0.jar:/Users/dario/.m2/repository/com/fasterxml/jackson/core/jackson-core/2.9.7/jackson-core-2.9.7.jar:/Users/dario/.m2/repository/com/fasterxml/jackson/datatype/jackson-datatype-jdk8/2.9.7/jackson-datatype-jdk8-2.9.7.jar:/Users/dario/.m2/repository/com/fasterxml/jackson/datatype/jackson-datatype-jsr310/2.9.7/jackson-datatype-jsr310-2.9.7.jar:/Users/dario/.m2/repository/com/fasterxml/jackson/module/jackson-module-parameter-names/2.9.7/jackson-module-parameter-names-2.9.7.jar:/Users/dario/.m2/repository/org/springframework/boot/spring-boot-starter-tomcat/2.1.0.RELEASE/spring-boot-starter-tomcat-2.1.0.RELEASE.jar:/Users/dario/.m2/repository/org/apache/tomcat/embed/tomcat-embed-core/9.0.12/tomcat-embed-core-9.0.12.jar:/Users/dario/.m2/repository/org/apache/tomcat/embed/tomcat-embed-el/9.0.12/tomcat-embed-el-9.0.12.jar:/Users/dario/.m2/repository/org/apache/tomcat/embed/tomcat-embed-websocket/9.0.12/tomcat-embed-websocket-9.0.12.jar:/Users/dario/.m2/repository/org/hibernate/validator/hibernate-validator/6.0.13.Final/hibernate-validator-6.0.13.Final.jar:/Users/dario/.m2/repository/javax/validation/validation-api/2.0.1.Final/validation-api-2.0.1.Final.jar:/Users/dario/.m2/repository/org/springframework/spring-web/5.1.2.RELEASE/spring-web-5.1.2.RELEASE.jar:/Users/dario/.m2/repository/org/springframework/spring-webmvc/5.1.2.RELEASE/spring-webmvc-5.1.2.RELEASE.jar:/Users/dario/.m2/repository/org/springframework/spring-expression/5.1.2.RELEASE/spring-expression-5.1.2.RELEASE.jar:/Users/dario/.m2/repository/org/springframework/boot/spring-boot-starter-test/2.1.0.RELEASE/spring-boot-starter-test-2.1.0.RELEASE.jar:/Users/dario/.m2/repository/org/springframework/boot/spring-boot-test/2.1.0.RELEASE/spring-boot-test-2.1.0.RELEASE.jar:/Users/dario/.m2/repository/org/springframework/boot/spring-boot-test-autoconfigure/2.1.0.RELEASE/spring-boot-test-autoconfigure-2.1.0.RELEASE.jar:/Users/dario/.m2/repository/com/jayway/jsonpath/json-path/2.4.0/json-path-2.4.0.jar:/Users/dario/.m2/repository/net/minidev/json-smart/2.3/json-smart-2.3.jar:/Users/dario/.m2/repository/net/minidev/accessors-smart/1.2/accessors-smart-1.2.jar:/Users/dario/.m2/repository/org/ow2/asm/asm/5.0.4/asm-5.0.4.jar:/Users/dario/.m2/repository/junit/junit/4.12/junit-4.12.jar:/Users/dario/.m2/repository/org/assertj/assertj-core/3.11.1/assertj-core-3.11.1.jar:/Users/dario/.m2/repository/org/mockito/mockito-core/2.23.0/mockito-core-2.23.0.jar:/Users/dario/.m2/repository/net/bytebuddy/byte-buddy-agent/1.9.3/byte-buddy-agent-1.9.3.jar:/Users/dario/.m2/repository/org/objenesis/objenesis/2.6/objenesis-2.6.jar:/Users/dario/.m2/repository/org/hamcrest/hamcrest-core/1.3/hamcrest-core-1.3.jar:/Users/dario/.m2/repository/org/hamcrest/hamcrest-library/1.3/hamcrest-library-1.3.jar:/Users/dario/.m2/repository/org/skyscreamer/jsonassert/1.5.0/jsonassert-1.5.0.jar:/Users/dario/.m2/repository/com/vaadin/external/google/android-json/0.0.20131108.vaadin1/android-json-0.0.20131108.vaadin1.jar:/Users/dario/.m2/repository/org/springframework/spring-core/5.1.2.RELEASE/spring-core-5.1.2.RELEASE.jar:/Users/dario/.m2/repository/org/springframework/spring-jcl/5.1.2.RELEASE/spring-jcl-5.1.2.RELEASE.jar:/Users/dario/.m2/repository/org/springframework/spring-test/5.1.2.RELEASE/spring-test-5.1.2.RELEASE.jar:/Users/dario/.m2/repository/org/xmlunit/xmlunit-core/2.6.2/xmlunit-core-2.6.2.jar:/Users/dario/.m2/repository/org/springframework/boot/spring-boot-starter/2.1.0.RELEASE/spring-boot-starter-2.1.0.RELEASE.jar:/Users/dario/.m2/repository/org/springframework/boot/spring-boot/2.1.0.RELEASE/spring-boot-2.1.0.RELEASE.jar:/Users/dario/.m2/repository/org/springframework/boot/spring-boot-autoconfigure/2.1.0.RELEASE/spring-boot-autoconfigure-2.1.0.RELEASE.jar:/Users/dario/.m2/repository/javax/annotation/javax.annotation-api/1.3.2/javax.annotation-api-1.3.2.jar:/Users/dario/.m2/repository/org/yaml/snakeyaml/1.23/snakeyaml-1.23.jar:/Users/dario/.m2/repository/org/springframework/boot/spring-boot-starter-log4j2/2.1.0.RELEASE/spring-boot-starter-log4j2-2.1.0.RELEASE.jar:/Users/dario/.m2/repository/org/apache/logging/log4j/log4j-slf4j-impl/2.11.1/log4j-slf4j-impl-2.11.1.jar:/Users/dario/.m2/repository/org/apache/logging/log4j/log4j-api/2.11.1/log4j-api-2.11.1.jar:/Users/dario/.m2/repository/org/apache/logging/log4j/log4j-core/2.11.1/log4j-core-2.11.1.jar:/Users/dario/.m2/repository/org/apache/logging/log4j/log4j-jul/2.11.1/log4j-jul-2.11.1.jar:/Users/dario/.m2/repository/org/slf4j/jul-to-slf4j/1.7.25/jul-to-slf4j-1.7.25.jar:/Users/dario/.m2/repository/mysql/mysql-connector-java/5.1.6/mysql-connector-java-5.1.6.jar:"/>
    <property name="sun.cpu.endian" value="little"/>
    <property name="user.home" value="/Users/dario"/>
    <property name="user.language" value="it"/>
    <property name="java.specification.vendor" value="Oracle Corporation"/>
    <property name="java.home" value="/Library/Java/JavaVirtualMachines/jdk1.8.0_181.jdk/Contents/Home/jre"/>
    <property name="basedir" value="/Users/dario/Documents/workspace_eclipse/centrovelaPersistence"/>
    <property name="file.separator" value="/"/>
    <property name="line.separator" value="&#10;"/>
    <property name="java.vm.specification.vendor" value="Oracle Corporation"/>
    <property name="java.specification.name" value="Java Platform API Specification"/>
    <property name="java.awt.graphicsenv" value="sun.awt.CGraphicsEnvironment"/>
    <property name="surefire.real.class.path" value="/Users/dario/Documents/workspace_eclipse/centrovelaPersistence/target/surefire/surefirebooter3280715943424040715.jar"/>
    <property name="sun.boot.class.path" value="/Library/Java/JavaVirtualMachines/jdk1.8.0_181.jdk/Contents/Home/jre/lib/resources.jar:/Library/Java/JavaVirtualMachines/jdk1.8.0_181.jdk/Contents/Home/jre/lib/rt.jar:/Library/Java/JavaVirtualMachines/jdk1.8.0_181.jdk/Contents/Home/jre/lib/sunrsasign.jar:/Library/Java/JavaVirtualMachines/jdk1.8.0_181.jdk/Contents/Home/jre/lib/jsse.jar:/Library/Java/JavaVirtualMachines/jdk1.8.0_181.jdk/Contents/Home/jre/lib/jce.jar:/Library/Java/JavaVirtualMachines/jdk1.8.0_181.jdk/Contents/Home/jre/lib/charsets.jar:/Library/Java/JavaVirtualMachines/jdk1.8.0_181.jdk/Contents/Home/jre/lib/jfr.jar:/Library/Java/JavaVirtualMachines/jdk1.8.0_181.jdk/Contents/Home/jre/classes"/>
    <property name="sun.management.compiler" value="HotSpot 64-Bit Tiered Compilers"/>
    <property name="ftp.nonProxyHosts" value="local|*.local|169.254/16|*.169.254/16"/>
    <property name="java.runtime.version" value="1.8.0_181-b13"/>
    <property name="user.name" value="dario"/>
    <property name="path.separator" value=":"/>
    <property name="os.version" value="10.14.1"/>
    <property name="java.endorsed.dirs" value="/Library/Java/JavaVirtualMachines/jdk1.8.0_181.jdk/Contents/Home/jre/lib/endorsed"/>
    <property name="java.runtime.name" value="Java(TM) SE Runtime Environment"/>
    <property name="file.encoding" value="UTF-8"/>
    <property name="java.vm.name" value="Java HotSpot(TM) 64-Bit Server VM"/>
    <property name="localRepository" value="/Users/dario/.m2/repository"/>
    <property name="java.vendor.url.bug" value="http://bugreport.sun.com/bugreport/"/>
    <property name="java.io.tmpdir" value="/var/folders/nt/vm985tgd19d7wgrw67ylp0dh0000gn/T/"/>
    <property name="java.version" value="1.8.0_181"/>
    <property name="user.dir" value="/Users/dario/Documents/workspace_eclipse/centrovelaPersistence"/>
    <property name="os.arch" value="x86_64"/>
    <property name="java.vm.specification.name" value="Java Virtual Machine Specification"/>
    <property name="java.awt.printerjob" value="sun.lwawt.macosx.CPrinterJob"/>
    <property name="sun.os.patch.level" value="unknown"/>
    <property name="java.library.path" value="/Users/dario/Library/Java/Extensions:/Library/Java/Extensions:/Network/Library/Java/Extensions:/System/Library/Java/Extensions:/usr/lib/java:."/>
    <property name="java.vm.info" value="mixed mode"/>
    <property name="java.vendor" value="Oracle Corporation"/>
    <property name="java.vm.version" value="25.181-b13"/>
    <property name="java.ext.dirs" value="/Users/dario/Library/Java/Extensions:/Library/Java/JavaVirtualMachines/jdk1.8.0_181.jdk/Contents/Home/jre/lib/ext:/Library/Java/Extensions:/Network/Library/Java/Extensions:/System/Library/Java/Extensions:/usr/lib/java"/>
    <property name="sun.io.unicode.encoding" value="UnicodeBig"/>
    <property name="java.class.version" value="52.0"/>
    <property name="socksNonProxyHosts" value="local|*.local|169.254/16|*.169.254/16"/>
  </properties>
  <testcase name="testSelectAllFilled" classname="com.ross.dario.persistence.repository.UserRepositoryTest" time="0.017">
    <error message="could not extract ResultSet; SQL [n/a]; nested exception is org.hibernate.exception.SQLGrammarException: could not extract ResultSet" type="org.springframework.dao.InvalidDataAccessResourceUsageException">org.springframework.dao.InvalidDataAccessResourceUsageException: could not extract ResultSet; SQL [n/a]; nested exception is org.hibernate.exception.SQLGrammarException: could not extract ResultSet
	at com.ross.dario.persistence.repository.UserRepositoryTest.initializeUserTests(UserRepositoryTest.java:53)
Caused by: org.hibernate.exception.SQLGrammarException: could not extract ResultSet
	at com.ross.dario.persistence.repository.UserRepositoryTest.initializeUserTests(UserRepositoryTest.java:53)
Caused by: com.mysql.jdbc.exceptions.jdbc4.MySQLSyntaxErrorException: Unknown column 'user0_.dateofbirth' in 'field list'
	at com.ross.dario.persistence.repository.UserRepositoryTest.initializeUserTests(UserRepositoryTest.java:53)
</error>
    <system-out><![CDATA[09:59:39.885 [main] INFO  org.springframework.test.context.support.AbstractContextLoader - Could not detect default resource locations for test class [com.ross.dario.persistence.repository.UserRepositoryTest]: no resource found for suffixes {-context.xml, Context.groovy}.
09:59:39.888 [main] INFO  org.springframework.boot.test.context.SpringBootTestContextBootstrapper - Loaded default TestExecutionListener class names from location [META-INF/spring.factories]: [org.springframework.boot.test.mock.mockito.MockitoTestExecutionListener, org.springframework.boot.test.mock.mockito.ResetMocksTestExecutionListener, org.springframework.boot.test.autoconfigure.restdocs.RestDocsTestExecutionListener, org.springframework.boot.test.autoconfigure.web.client.MockRestServiceServerResetTestExecutionListener, org.springframework.boot.test.autoconfigure.web.servlet.MockMvcPrintOnlyOnFailureTestExecutionListener, org.springframework.boot.test.autoconfigure.web.servlet.WebDriverTestExecutionListener, org.springframework.test.context.web.ServletTestExecutionListener, org.springframework.test.context.support.DirtiesContextBeforeModesTestExecutionListener, org.springframework.test.context.support.DependencyInjectionTestExecutionListener, org.springframework.test.context.support.DirtiesContextTestExecutionListener, org.springframework.test.context.transaction.TransactionalTestExecutionListener, org.springframework.test.context.jdbc.SqlScriptsTestExecutionListener]
09:59:39.905 [main] INFO  org.springframework.boot.test.context.SpringBootTestContextBootstrapper - Using TestExecutionListeners: [org.springframework.test.context.web.ServletTestExecutionListener@69fe7090, org.springframework.test.context.support.DirtiesContextBeforeModesTestExecutionListener@6501b105, org.springframework.boot.test.mock.mockito.MockitoTestExecutionListener@66ab924, org.springframework.boot.test.autoconfigure.SpringBootDependencyInjectionTestExecutionListener@6df2af02, org.springframework.test.context.support.DirtiesContextTestExecutionListener@779228dc, org.springframework.test.context.transaction.TransactionalTestExecutionListener@1f7336b2, org.springframework.test.context.jdbc.SqlScriptsTestExecutionListener@4c030fe1, org.springframework.boot.test.mock.mockito.ResetMocksTestExecutionListener@347123dc, org.springframework.boot.test.autoconfigure.restdocs.RestDocsTestExecutionListener@52433946, org.springframework.boot.test.autoconfigure.web.client.MockRestServiceServerResetTestExecutionListener@5403431a, org.springframework.boot.test.autoconfigure.web.servlet.MockMvcPrintOnlyOnFailureTestExecutionListener@ab327c, org.springframework.boot.test.autoconfigure.web.servlet.WebDriverTestExecutionListener@3d798e76]
09:59:39.910 [main] INFO  com.ross.dario.persistence.repository.UserRepositoryTest - UserRepositoryTest.initializeUserTests - START
Hibernate: select user0_.id as id1_4_, user0_.cap as cap2_4_, user0_.dateofbirth as dateofbi3_4_, user0_.domicile_city as domicile4_4_, user0_.domicile_house_number as domicile5_4_, user0_.domicile_street_name as domicile6_4_, user0_.email as email7_4_, user0_.fiscal_code as fiscal_c8_4_, user0_.medical_visit as medical_9_4_, user0_.name as name10_4_, user0_.name_tutor as name_tu11_4_, user0_.note as note12_4_, user0_.password as passwor13_4_, user0_.phone as phone14_4_, user0_.place_of_birth as place_o15_4_, user0_.role as role16_4_, user0_.surname as surname17_4_, user0_.surname_tutor as surname18_4_, user0_.type as type19_4_ from users user0_
09:59:39.916 [main] WARN  org.hibernate.engine.jdbc.spi.SqlExceptionHelper - SQL Error: 1054, SQLState: 42S22
09:59:39.916 [main] ERROR org.hibernate.engine.jdbc.spi.SqlExceptionHelper - Unknown column 'user0_.dateofbirth' in 'field list'
09:59:39.919 [main] INFO  com.ross.dario.persistence.repository.UserRepositoryTest - UserRepositoryTest.initializeUserTests - START
Hibernate: select user0_.id as id1_4_, user0_.cap as cap2_4_, user0_.dateofbirth as dateofbi3_4_, user0_.domicile_city as domicile4_4_, user0_.domicile_house_number as domicile5_4_, user0_.domicile_street_name as domicile6_4_, user0_.email as email7_4_, user0_.fiscal_code as fiscal_c8_4_, user0_.medical_visit as medical_9_4_, user0_.name as name10_4_, user0_.name_tutor as name_tu11_4_, user0_.note as note12_4_, user0_.password as passwor13_4_, user0_.phone as phone14_4_, user0_.place_of_birth as place_o15_4_, user0_.role as role16_4_, user0_.surname as surname17_4_, user0_.surname_tutor as surname18_4_, user0_.type as type19_4_ from users user0_
09:59:39.922 [main] WARN  org.hibernate.engine.jdbc.spi.SqlExceptionHelper - SQL Error: 1054, SQLState: 42S22
09:59:39.922 [main] ERROR org.hibernate.engine.jdbc.spi.SqlExceptionHelper - Unknown column 'user0_.dateofbirth' in 'field list'
]]></system-out>
  </testcase>
  <testcase name="testSelectAllFilled" classname="com.ross.dario.persistence.repository.UserRepositoryTest" time="0.017">
    <error message="could not extract ResultSet; SQL [n/a]; nested exception is org.hibernate.exception.SQLGrammarException: could not extract ResultSet" type="org.springframework.dao.InvalidDataAccessResourceUsageException">org.springframework.dao.InvalidDataAccessResourceUsageException: could not extract ResultSet; SQL [n/a]; nested exception is org.hibernate.exception.SQLGrammarException: could not extract ResultSet
	at com.ross.dario.persistence.repository.UserRepositoryTest.initializeUserTests(UserRepositoryTest.java:53)
Caused by: org.hibernate.exception.SQLGrammarException: could not extract ResultSet
	at com.ross.dario.persistence.repository.UserRepositoryTest.initializeUserTests(UserRepositoryTest.java:53)
Caused by: com.mysql.jdbc.exceptions.jdbc4.MySQLSyntaxErrorException: Unknown column 'user0_.dateofbirth' in 'field list'
	at com.ross.dario.persistence.repository.UserRepositoryTest.initializeUserTests(UserRepositoryTest.java:53)
</error>
  </testcase>
  <testcase name="testDeleteAll" classname="com.ross.dario.persistence.repository.UserRepositoryTest" time="0.016">
    <error message="could not extract ResultSet; SQL [n/a]; nested exception is org.hibernate.exception.SQLGrammarException: could not extract ResultSet" type="org.springframework.dao.InvalidDataAccessResourceUsageException">org.springframework.dao.InvalidDataAccessResourceUsageException: could not extract ResultSet; SQL [n/a]; nested exception is org.hibernate.exception.SQLGrammarException: could not extract ResultSet
	at com.ross.dario.persistence.repository.UserRepositoryTest.initializeUserTests(UserRepositoryTest.java:53)
Caused by: org.hibernate.exception.SQLGrammarException: could not extract ResultSet
	at com.ross.dario.persistence.repository.UserRepositoryTest.initializeUserTests(UserRepositoryTest.java:53)
Caused by: com.mysql.jdbc.exceptions.jdbc4.MySQLSyntaxErrorException: Unknown column 'user0_.dateofbirth' in 'field list'
	at com.ross.dario.persistence.repository.UserRepositoryTest.initializeUserTests(UserRepositoryTest.java:53)
</error>
    <system-out><![CDATA[09:59:39.931 [main] INFO  com.ross.dario.persistence.repository.UserRepositoryTest - UserRepositoryTest.initializeUserTests - START
Hibernate: select user0_.id as id1_4_, user0_.cap as cap2_4_, user0_.dateofbirth as dateofbi3_4_, user0_.domicile_city as domicile4_4_, user0_.domicile_house_number as domicile5_4_, user0_.domicile_street_name as domicile6_4_, user0_.email as email7_4_, user0_.fiscal_code as fiscal_c8_4_, user0_.medical_visit as medical_9_4_, user0_.name as name10_4_, user0_.name_tutor as name_tu11_4_, user0_.note as note12_4_, user0_.password as passwor13_4_, user0_.phone as phone14_4_, user0_.place_of_birth as place_o15_4_, user0_.role as role16_4_, user0_.surname as surname17_4_, user0_.surname_tutor as surname18_4_, user0_.type as type19_4_ from users user0_
09:59:39.934 [main] WARN  org.hibernate.engine.jdbc.spi.SqlExceptionHelper - SQL Error: 1054, SQLState: 42S22
09:59:39.935 [main] ERROR org.hibernate.engine.jdbc.spi.SqlExceptionHelper - Unknown column 'user0_.dateofbirth' in 'field list'
09:59:39.937 [main] INFO  com.ross.dario.persistence.repository.UserRepositoryTest - UserRepositoryTest.initializeUserTests - START
Hibernate: select user0_.id as id1_4_, user0_.cap as cap2_4_, user0_.dateofbirth as dateofbi3_4_, user0_.domicile_city as domicile4_4_, user0_.domicile_house_number as domicile5_4_, user0_.domicile_street_name as domicile6_4_, user0_.email as email7_4_, user0_.fiscal_code as fiscal_c8_4_, user0_.medical_visit as medical_9_4_, user0_.name as name10_4_, user0_.name_tutor as name_tu11_4_, user0_.note as note12_4_, user0_.password as passwor13_4_, user0_.phone as phone14_4_, user0_.place_of_birth as place_o15_4_, user0_.role as role16_4_, user0_.surname as surname17_4_, user0_.surname_tutor as surname18_4_, user0_.type as type19_4_ from users user0_
09:59:39.939 [main] WARN  org.hibernate.engine.jdbc.spi.SqlExceptionHelper - SQL Error: 1054, SQLState: 42S22
09:59:39.939 [main] ERROR org.hibernate.engine.jdbc.spi.SqlExceptionHelper - Unknown column 'user0_.dateofbirth' in 'field list'
]]></system-out>
  </testcase>
  <testcase name="testDeleteAll" classname="com.ross.dario.persistence.repository.UserRepositoryTest" time="0.016">
    <error message="could not extract ResultSet; SQL [n/a]; nested exception is org.hibernate.exception.SQLGrammarException: could not extract ResultSet" type="org.springframework.dao.InvalidDataAccessResourceUsageException">org.springframework.dao.InvalidDataAccessResourceUsageException: could not extract ResultSet; SQL [n/a]; nested exception is org.hibernate.exception.SQLGrammarException: could not extract ResultSet
	at com.ross.dario.persistence.repository.UserRepositoryTest.initializeUserTests(UserRepositoryTest.java:53)
Caused by: org.hibernate.exception.SQLGrammarException: could not extract ResultSet
	at com.ross.dario.persistence.repository.UserRepositoryTest.initializeUserTests(UserRepositoryTest.java:53)
Caused by: com.mysql.jdbc.exceptions.jdbc4.MySQLSyntaxErrorException: Unknown column 'user0_.dateofbirth' in 'field list'
	at com.ross.dario.persistence.repository.UserRepositoryTest.initializeUserTests(UserRepositoryTest.java:53)
</error>
  </testcase>
  <testcase name="testDeleteById" classname="com.ross.dario.persistence.repository.UserRepositoryTest" time="0.007">
    <error message="could not extract ResultSet; SQL [n/a]; nested exception is org.hibernate.exception.SQLGrammarException: could not extract ResultSet" type="org.springframework.dao.InvalidDataAccessResourceUsageException">org.springframework.dao.InvalidDataAccessResourceUsageException: could not extract ResultSet; SQL [n/a]; nested exception is org.hibernate.exception.SQLGrammarException: could not extract ResultSet
	at com.ross.dario.persistence.repository.UserRepositoryTest.initializeUserTests(UserRepositoryTest.java:53)
Caused by: org.hibernate.exception.SQLGrammarException: could not extract ResultSet
	at com.ross.dario.persistence.repository.UserRepositoryTest.initializeUserTests(UserRepositoryTest.java:53)
Caused by: com.mysql.jdbc.exceptions.jdbc4.MySQLSyntaxErrorException: Unknown column 'user0_.dateofbirth' in 'field list'
	at com.ross.dario.persistence.repository.UserRepositoryTest.initializeUserTests(UserRepositoryTest.java:53)
</error>
    <system-out><![CDATA[09:59:39.947 [main] INFO  com.ross.dario.persistence.repository.UserRepositoryTest - UserRepositoryTest.initializeUserTests - START
Hibernate: select user0_.id as id1_4_, user0_.cap as cap2_4_, user0_.dateofbirth as dateofbi3_4_, user0_.domicile_city as domicile4_4_, user0_.domicile_house_number as domicile5_4_, user0_.domicile_street_name as domicile6_4_, user0_.email as email7_4_, user0_.fiscal_code as fiscal_c8_4_, user0_.medical_visit as medical_9_4_, user0_.name as name10_4_, user0_.name_tutor as name_tu11_4_, user0_.note as note12_4_, user0_.password as passwor13_4_, user0_.phone as phone14_4_, user0_.place_of_birth as place_o15_4_, user0_.role as role16_4_, user0_.surname as surname17_4_, user0_.surname_tutor as surname18_4_, user0_.type as type19_4_ from users user0_
09:59:39.950 [main] WARN  org.hibernate.engine.jdbc.spi.SqlExceptionHelper - SQL Error: 1054, SQLState: 42S22
09:59:39.950 [main] ERROR org.hibernate.engine.jdbc.spi.SqlExceptionHelper - Unknown column 'user0_.dateofbirth' in 'field list'
09:59:39.952 [main] INFO  com.ross.dario.persistence.repository.UserRepositoryTest - UserRepositoryTest.initializeUserTests - START
Hibernate: select user0_.id as id1_4_, user0_.cap as cap2_4_, user0_.dateofbirth as dateofbi3_4_, user0_.domicile_city as domicile4_4_, user0_.domicile_house_number as domicile5_4_, user0_.domicile_street_name as domicile6_4_, user0_.email as email7_4_, user0_.fiscal_code as fiscal_c8_4_, user0_.medical_visit as medical_9_4_, user0_.name as name10_4_, user0_.name_tutor as name_tu11_4_, user0_.note as note12_4_, user0_.password as passwor13_4_, user0_.phone as phone14_4_, user0_.place_of_birth as place_o15_4_, user0_.role as role16_4_, user0_.surname as surname17_4_, user0_.surname_tutor as surname18_4_, user0_.type as type19_4_ from users user0_
09:59:39.954 [main] WARN  org.hibernate.engine.jdbc.spi.SqlExceptionHelper - SQL Error: 1054, SQLState: 42S22
09:59:39.955 [main] ERROR org.hibernate.engine.jdbc.spi.SqlExceptionHelper - Unknown column 'user0_.dateofbirth' in 'field list'
]]></system-out>
  </testcase>
  <testcase name="testDeleteById" classname="com.ross.dario.persistence.repository.UserRepositoryTest" time="0.008">
    <error message="could not extract ResultSet; SQL [n/a]; nested exception is org.hibernate.exception.SQLGrammarException: could not extract ResultSet" type="org.springframework.dao.InvalidDataAccessResourceUsageException">org.springframework.dao.InvalidDataAccessResourceUsageException: could not extract ResultSet; SQL [n/a]; nested exception is org.hibernate.exception.SQLGrammarException: could not extract ResultSet
	at com.ross.dario.persistence.repository.UserRepositoryTest.initializeUserTests(UserRepositoryTest.java:53)
Caused by: org.hibernate.exception.SQLGrammarException: could not extract ResultSet
	at com.ross.dario.persistence.repository.UserRepositoryTest.initializeUserTests(UserRepositoryTest.java:53)
Caused by: com.mysql.jdbc.exceptions.jdbc4.MySQLSyntaxErrorException: Unknown column 'user0_.dateofbirth' in 'field list'
	at com.ross.dario.persistence.repository.UserRepositoryTest.initializeUserTests(UserRepositoryTest.java:53)
</error>
  </testcase>
  <testcase name="testInsert" classname="com.ross.dario.persistence.repository.UserRepositoryTest" time="0.023">
    <error message="could not extract ResultSet; SQL [n/a]; nested exception is org.hibernate.exception.SQLGrammarException: could not extract ResultSet" type="org.springframework.dao.InvalidDataAccessResourceUsageException">org.springframework.dao.InvalidDataAccessResourceUsageException: could not extract ResultSet; SQL [n/a]; nested exception is org.hibernate.exception.SQLGrammarException: could not extract ResultSet
	at com.ross.dario.persistence.repository.UserRepositoryTest.initializeUserTests(UserRepositoryTest.java:53)
Caused by: org.hibernate.exception.SQLGrammarException: could not extract ResultSet
	at com.ross.dario.persistence.repository.UserRepositoryTest.initializeUserTests(UserRepositoryTest.java:53)
Caused by: com.mysql.jdbc.exceptions.jdbc4.MySQLSyntaxErrorException: Unknown column 'user0_.dateofbirth' in 'field list'
	at com.ross.dario.persistence.repository.UserRepositoryTest.initializeUserTests(UserRepositoryTest.java:53)
</error>
    <system-out><![CDATA[09:59:39.963 [main] INFO  com.ross.dario.persistence.repository.UserRepositoryTest - UserRepositoryTest.initializeUserTests - START
Hibernate: select user0_.id as id1_4_, user0_.cap as cap2_4_, user0_.dateofbirth as dateofbi3_4_, user0_.domicile_city as domicile4_4_, user0_.domicile_house_number as domicile5_4_, user0_.domicile_street_name as domicile6_4_, user0_.email as email7_4_, user0_.fiscal_code as fiscal_c8_4_, user0_.medical_visit as medical_9_4_, user0_.name as name10_4_, user0_.name_tutor as name_tu11_4_, user0_.note as note12_4_, user0_.password as passwor13_4_, user0_.phone as phone14_4_, user0_.place_of_birth as place_o15_4_, user0_.role as role16_4_, user0_.surname as surname17_4_, user0_.surname_tutor as surname18_4_, user0_.type as type19_4_ from users user0_
09:59:39.965 [main] WARN  org.hibernate.engine.jdbc.spi.SqlExceptionHelper - SQL Error: 1054, SQLState: 42S22
09:59:39.966 [main] ERROR org.hibernate.engine.jdbc.spi.SqlExceptionHelper - Unknown column 'user0_.dateofbirth' in 'field list'
09:59:39.968 [main] INFO  com.ross.dario.persistence.repository.UserRepositoryTest - UserRepositoryTest.initializeUserTests - START
Hibernate: select user0_.id as id1_4_, user0_.cap as cap2_4_, user0_.dateofbirth as dateofbi3_4_, user0_.domicile_city as domicile4_4_, user0_.domicile_house_number as domicile5_4_, user0_.domicile_street_name as domicile6_4_, user0_.email as email7_4_, user0_.fiscal_code as fiscal_c8_4_, user0_.medical_visit as medical_9_4_, user0_.name as name10_4_, user0_.name_tutor as name_tu11_4_, user0_.note as note12_4_, user0_.password as passwor13_4_, user0_.phone as phone14_4_, user0_.place_of_birth as place_o15_4_, user0_.role as role16_4_, user0_.surname as surname17_4_, user0_.surname_tutor as surname18_4_, user0_.type as type19_4_ from users user0_
09:59:39.971 [main] WARN  org.hibernate.engine.jdbc.spi.SqlExceptionHelper - SQL Error: 1054, SQLState: 42S22
09:59:39.971 [main] ERROR org.hibernate.engine.jdbc.spi.SqlExceptionHelper - Unknown column 'user0_.dateofbirth' in 'field list'
]]></system-out>
  </testcase>
  <testcase name="testInsert" classname="com.ross.dario.persistence.repository.UserRepositoryTest" time="0.023">
    <error message="could not extract ResultSet; SQL [n/a]; nested exception is org.hibernate.exception.SQLGrammarException: could not extract ResultSet" type="org.springframework.dao.InvalidDataAccessResourceUsageException">org.springframework.dao.InvalidDataAccessResourceUsageException: could not extract ResultSet; SQL [n/a]; nested exception is org.hibernate.exception.SQLGrammarException: could not extract ResultSet
	at com.ross.dario.persistence.repository.UserRepositoryTest.initializeUserTests(UserRepositoryTest.java:53)
Caused by: org.hibernate.exception.SQLGrammarException: could not extract ResultSet
	at com.ross.dario.persistence.repository.UserRepositoryTest.initializeUserTests(UserRepositoryTest.java:53)
Caused by: com.mysql.jdbc.exceptions.jdbc4.MySQLSyntaxErrorException: Unknown column 'user0_.dateofbirth' in 'field list'
	at com.ross.dario.persistence.repository.UserRepositoryTest.initializeUserTests(UserRepositoryTest.java:53)
</error>
  </testcase>
  <testcase name="testSelectAllEmpty" classname="com.ross.dario.persistence.repository.UserRepositoryTest" time="0.025">
    <error message="could not extract ResultSet; SQL [n/a]; nested exception is org.hibernate.exception.SQLGrammarException: could not extract ResultSet" type="org.springframework.dao.InvalidDataAccessResourceUsageException">org.springframework.dao.InvalidDataAccessResourceUsageException: could not extract ResultSet; SQL [n/a]; nested exception is org.hibernate.exception.SQLGrammarException: could not extract ResultSet
	at com.ross.dario.persistence.repository.UserRepositoryTest.initializeUserTests(UserRepositoryTest.java:53)
Caused by: org.hibernate.exception.SQLGrammarException: could not extract ResultSet
	at com.ross.dario.persistence.repository.UserRepositoryTest.initializeUserTests(UserRepositoryTest.java:53)
Caused by: com.mysql.jdbc.exceptions.jdbc4.MySQLSyntaxErrorException: Unknown column 'user0_.dateofbirth' in 'field list'
	at com.ross.dario.persistence.repository.UserRepositoryTest.initializeUserTests(UserRepositoryTest.java:53)
</error>
    <system-out><![CDATA[09:59:39.979 [main] INFO  com.ross.dario.persistence.repository.UserRepositoryTest - UserRepositoryTest.initializeUserTests - START
Hibernate: select user0_.id as id1_4_, user0_.cap as cap2_4_, user0_.dateofbirth as dateofbi3_4_, user0_.domicile_city as domicile4_4_, user0_.domicile_house_number as domicile5_4_, user0_.domicile_street_name as domicile6_4_, user0_.email as email7_4_, user0_.fiscal_code as fiscal_c8_4_, user0_.medical_visit as medical_9_4_, user0_.name as name10_4_, user0_.name_tutor as name_tu11_4_, user0_.note as note12_4_, user0_.password as passwor13_4_, user0_.phone as phone14_4_, user0_.place_of_birth as place_o15_4_, user0_.role as role16_4_, user0_.surname as surname17_4_, user0_.surname_tutor as surname18_4_, user0_.type as type19_4_ from users user0_
09:59:40.071 [main] WARN  org.hibernate.engine.jdbc.spi.SqlExceptionHelper - SQL Error: 1054, SQLState: 42S22
09:59:40.072 [main] ERROR org.hibernate.engine.jdbc.spi.SqlExceptionHelper - Unknown column 'user0_.dateofbirth' in 'field list'
09:59:40.073 [main] INFO  com.ross.dario.persistence.repository.UserRepositoryTest - UserRepositoryTest.initializeUserTests - START
Hibernate: select user0_.id as id1_4_, user0_.cap as cap2_4_, user0_.dateofbirth as dateofbi3_4_, user0_.domicile_city as domicile4_4_, user0_.domicile_house_number as domicile5_4_, user0_.domicile_street_name as domicile6_4_, user0_.email as email7_4_, user0_.fiscal_code as fiscal_c8_4_, user0_.medical_visit as medical_9_4_, user0_.name as name10_4_, user0_.name_tutor as name_tu11_4_, user0_.note as note12_4_, user0_.password as passwor13_4_, user0_.phone as phone14_4_, user0_.place_of_birth as place_o15_4_, user0_.role as role16_4_, user0_.surname as surname17_4_, user0_.surname_tutor as surname18_4_, user0_.type as type19_4_ from users user0_
09:59:40.076 [main] WARN  org.hibernate.engine.jdbc.spi.SqlExceptionHelper - SQL Error: 1054, SQLState: 42S22
09:59:40.077 [main] ERROR org.hibernate.engine.jdbc.spi.SqlExceptionHelper - Unknown column 'user0_.dateofbirth' in 'field list'
]]></system-out>
  </testcase>
  <testcase name="testSelectAllEmpty" classname="com.ross.dario.persistence.repository.UserRepositoryTest" time="0.025">
    <error message="could not extract ResultSet; SQL [n/a]; nested exception is org.hibernate.exception.SQLGrammarException: could not extract ResultSet" type="org.springframework.dao.InvalidDataAccessResourceUsageException">org.springframework.dao.InvalidDataAccessResourceUsageException: could not extract ResultSet; SQL [n/a]; nested exception is org.hibernate.exception.SQLGrammarException: could not extract ResultSet
	at com.ross.dario.persistence.repository.UserRepositoryTest.initializeUserTests(UserRepositoryTest.java:53)
Caused by: org.hibernate.exception.SQLGrammarException: could not extract ResultSet
	at com.ross.dario.persistence.repository.UserRepositoryTest.initializeUserTests(UserRepositoryTest.java:53)
Caused by: com.mysql.jdbc.exceptions.jdbc4.MySQLSyntaxErrorException: Unknown column 'user0_.dateofbirth' in 'field list'
	at com.ross.dario.persistence.repository.UserRepositoryTest.initializeUserTests(UserRepositoryTest.java:53)
</error>
  </testcase>
  <testcase name="testUpdate" classname="com.ross.dario.persistence.repository.UserRepositoryTest" time="0.025">
    <error message="could not extract ResultSet; SQL [n/a]; nested exception is org.hibernate.exception.SQLGrammarException: could not extract ResultSet" type="org.springframework.dao.InvalidDataAccessResourceUsageException">org.springframework.dao.InvalidDataAccessResourceUsageException: could not extract ResultSet; SQL [n/a]; nested exception is org.hibernate.exception.SQLGrammarException: could not extract ResultSet
	at com.ross.dario.persistence.repository.UserRepositoryTest.initializeUserTests(UserRepositoryTest.java:53)
Caused by: org.hibernate.exception.SQLGrammarException: could not extract ResultSet
	at com.ross.dario.persistence.repository.UserRepositoryTest.initializeUserTests(UserRepositoryTest.java:53)
Caused by: com.mysql.jdbc.exceptions.jdbc4.MySQLSyntaxErrorException: Unknown column 'user0_.dateofbirth' in 'field list'
	at com.ross.dario.persistence.repository.UserRepositoryTest.initializeUserTests(UserRepositoryTest.java:53)
</error>
    <system-out><![CDATA[09:59:40.085 [main] INFO  com.ross.dario.persistence.repository.UserRepositoryTest - UserRepositoryTest.initializeUserTests - START
Hibernate: select user0_.id as id1_4_, user0_.cap as cap2_4_, user0_.dateofbirth as dateofbi3_4_, user0_.domicile_city as domicile4_4_, user0_.domicile_house_number as domicile5_4_, user0_.domicile_street_name as domicile6_4_, user0_.email as email7_4_, user0_.fiscal_code as fiscal_c8_4_, user0_.medical_visit as medical_9_4_, user0_.name as name10_4_, user0_.name_tutor as name_tu11_4_, user0_.note as note12_4_, user0_.password as passwor13_4_, user0_.phone as phone14_4_, user0_.place_of_birth as place_o15_4_, user0_.role as role16_4_, user0_.surname as surname17_4_, user0_.surname_tutor as surname18_4_, user0_.type as type19_4_ from users user0_
09:59:40.088 [main] WARN  org.hibernate.engine.jdbc.spi.SqlExceptionHelper - SQL Error: 1054, SQLState: 42S22
09:59:40.088 [main] ERROR org.hibernate.engine.jdbc.spi.SqlExceptionHelper - Unknown column 'user0_.dateofbirth' in 'field list'
09:59:40.090 [main] INFO  com.ross.dario.persistence.repository.UserRepositoryTest - UserRepositoryTest.initializeUserTests - START
Hibernate: select user0_.id as id1_4_, user0_.cap as cap2_4_, user0_.dateofbirth as dateofbi3_4_, user0_.domicile_city as domicile4_4_, user0_.domicile_house_number as domicile5_4_, user0_.domicile_street_name as domicile6_4_, user0_.email as email7_4_, user0_.fiscal_code as fiscal_c8_4_, user0_.medical_visit as medical_9_4_, user0_.name as name10_4_, user0_.name_tutor as name_tu11_4_, user0_.note as note12_4_, user0_.password as passwor13_4_, user0_.phone as phone14_4_, user0_.place_of_birth as place_o15_4_, user0_.role as role16_4_, user0_.surname as surname17_4_, user0_.surname_tutor as surname18_4_, user0_.type as type19_4_ from users user0_
09:59:40.092 [main] WARN  org.hibernate.engine.jdbc.spi.SqlExceptionHelper - SQL Error: 1054, SQLState: 42S22
09:59:40.093 [main] ERROR org.hibernate.engine.jdbc.spi.SqlExceptionHelper - Unknown column 'user0_.dateofbirth' in 'field list'
]]></system-out>
  </testcase>
  <testcase name="testUpdate" classname="com.ross.dario.persistence.repository.UserRepositoryTest" time="0.025">
    <error message="could not extract ResultSet; SQL [n/a]; nested exception is org.hibernate.exception.SQLGrammarException: could not extract ResultSet" type="org.springframework.dao.InvalidDataAccessResourceUsageException">org.springframework.dao.InvalidDataAccessResourceUsageException: could not extract ResultSet; SQL [n/a]; nested exception is org.hibernate.exception.SQLGrammarException: could not extract ResultSet
	at com.ross.dario.persistence.repository.UserRepositoryTest.initializeUserTests(UserRepositoryTest.java:53)
Caused by: org.hibernate.exception.SQLGrammarException: could not extract ResultSet
	at com.ross.dario.persistence.repository.UserRepositoryTest.initializeUserTests(UserRepositoryTest.java:53)
Caused by: com.mysql.jdbc.exceptions.jdbc4.MySQLSyntaxErrorException: Unknown column 'user0_.dateofbirth' in 'field list'
	at com.ross.dario.persistence.repository.UserRepositoryTest.initializeUserTests(UserRepositoryTest.java:53)
</error>
  </testcase>
  <testcase name="testSelectById" classname="com.ross.dario.persistence.repository.UserRepositoryTest" time="0.006">
    <error message="could not extract ResultSet; SQL [n/a]; nested exception is org.hibernate.exception.SQLGrammarException: could not extract ResultSet" type="org.springframework.dao.InvalidDataAccessResourceUsageException">org.springframework.dao.InvalidDataAccessResourceUsageException: could not extract ResultSet; SQL [n/a]; nested exception is org.hibernate.exception.SQLGrammarException: could not extract ResultSet
	at com.ross.dario.persistence.repository.UserRepositoryTest.initializeUserTests(UserRepositoryTest.java:53)
Caused by: org.hibernate.exception.SQLGrammarException: could not extract ResultSet
	at com.ross.dario.persistence.repository.UserRepositoryTest.initializeUserTests(UserRepositoryTest.java:53)
Caused by: com.mysql.jdbc.exceptions.jdbc4.MySQLSyntaxErrorException: Unknown column 'user0_.dateofbirth' in 'field list'
	at com.ross.dario.persistence.repository.UserRepositoryTest.initializeUserTests(UserRepositoryTest.java:53)
</error>
    <system-out><![CDATA[09:59:40.101 [main] INFO  com.ross.dario.persistence.repository.UserRepositoryTest - UserRepositoryTest.initializeUserTests - START
Hibernate: select user0_.id as id1_4_, user0_.cap as cap2_4_, user0_.dateofbirth as dateofbi3_4_, user0_.domicile_city as domicile4_4_, user0_.domicile_house_number as domicile5_4_, user0_.domicile_street_name as domicile6_4_, user0_.email as email7_4_, user0_.fiscal_code as fiscal_c8_4_, user0_.medical_visit as medical_9_4_, user0_.name as name10_4_, user0_.name_tutor as name_tu11_4_, user0_.note as note12_4_, user0_.password as passwor13_4_, user0_.phone as phone14_4_, user0_.place_of_birth as place_o15_4_, user0_.role as role16_4_, user0_.surname as surname17_4_, user0_.surname_tutor as surname18_4_, user0_.type as type19_4_ from users user0_
09:59:40.106 [main] WARN  org.hibernate.engine.jdbc.spi.SqlExceptionHelper - SQL Error: 1054, SQLState: 42S22
09:59:40.141 [main] ERROR org.hibernate.engine.jdbc.spi.SqlExceptionHelper - Unknown column 'user0_.dateofbirth' in 'field list'
09:59:40.142 [main] INFO  com.ross.dario.persistence.repository.UserRepositoryTest - UserRepositoryTest.initializeUserTests - START
Hibernate: select user0_.id as id1_4_, user0_.cap as cap2_4_, user0_.dateofbirth as dateofbi3_4_, user0_.domicile_city as domicile4_4_, user0_.domicile_house_number as domicile5_4_, user0_.domicile_street_name as domicile6_4_, user0_.email as email7_4_, user0_.fiscal_code as fiscal_c8_4_, user0_.medical_visit as medical_9_4_, user0_.name as name10_4_, user0_.name_tutor as name_tu11_4_, user0_.note as note12_4_, user0_.password as passwor13_4_, user0_.phone as phone14_4_, user0_.place_of_birth as place_o15_4_, user0_.role as role16_4_, user0_.surname as surname17_4_, user0_.surname_tutor as surname18_4_, user0_.type as type19_4_ from users user0_
09:59:40.154 [main] WARN  org.hibernate.engine.jdbc.spi.SqlExceptionHelper - SQL Error: 1054, SQLState: 42S22
09:59:40.154 [main] ERROR org.hibernate.engine.jdbc.spi.SqlExceptionHelper - Unknown column 'user0_.dateofbirth' in 'field list'
]]></system-out>
  </testcase>
  <testcase name="testSelectById" classname="com.ross.dario.persistence.repository.UserRepositoryTest" time="0.006">
    <error message="could not extract ResultSet; SQL [n/a]; nested exception is org.hibernate.exception.SQLGrammarException: could not extract ResultSet" type="org.springframework.dao.InvalidDataAccessResourceUsageException">org.springframework.dao.InvalidDataAccessResourceUsageException: could not extract ResultSet; SQL [n/a]; nested exception is org.hibernate.exception.SQLGrammarException: could not extract ResultSet
	at com.ross.dario.persistence.repository.UserRepositoryTest.initializeUserTests(UserRepositoryTest.java:53)
Caused by: org.hibernate.exception.SQLGrammarException: could not extract ResultSet
	at com.ross.dario.persistence.repository.UserRepositoryTest.initializeUserTests(UserRepositoryTest.java:53)
Caused by: com.mysql.jdbc.exceptions.jdbc4.MySQLSyntaxErrorException: Unknown column 'user0_.dateofbirth' in 'field list'
	at com.ross.dario.persistence.repository.UserRepositoryTest.initializeUserTests(UserRepositoryTest.java:53)
</error>
  </testcase>
</testsuite>